<?xml version="1.0" encoding="UTF-8"?>
<robot generator="Robot 7.2.2 (Python 3.12.3 on linux)" generated="2025-02-26T00:27:23.863114" rpa="false" schemaversion="5">
<suite id="s1" name="Login Test" source="/opt/lampp/htdocs/futureskill_test/login_test.robot">
<test id="s1-t1" name="ทดสอบเข้าสู่ระบบ FutureSkill" line="11">
<kw name="เปิดบราวเซอร์และไปยังหน้าล็อกอิน">
<kw name="Open Browser" owner="SeleniumLibrary">
<msg time="2025-02-26T00:27:24.468812" level="INFO">Opening browser 'Chrome' to base url 'https://app.futureskill.co/my-library'.</msg>
<arg>${URL}</arg>
<arg>${BROWSER}</arg>
<doc>Opens a new browser instance to the optional ``url``.</doc>
<status status="PASS" start="2025-02-26T00:27:24.467422" elapsed="3.375065"/>
</kw>
<kw name="Maximize Browser Window" owner="SeleniumLibrary">
<doc>Maximizes current browser window.</doc>
<status status="PASS" start="2025-02-26T00:27:27.843791" elapsed="0.108500"/>
</kw>
<kw name="Wait Until Element Is Visible" owner="SeleniumLibrary">
<arg>name:email</arg>
<arg>timeout=10s</arg>
<doc>Waits until the element ``locator`` is visible.</doc>
<status status="PASS" start="2025-02-26T00:27:27.953294" elapsed="4.976531"/>
</kw>
<status status="PASS" start="2025-02-26T00:27:24.464474" elapsed="8.465749"/>
</kw>
<kw name="กรอกอีเมลและรหัสผ่าน">
<kw name="Input Text" owner="SeleniumLibrary">
<msg time="2025-02-26T00:27:32.933039" level="INFO">Typing text 'padcenter@prachakij.com' into text field 'name:email'.</msg>
<arg>name:email</arg>
<arg>${USERNAME}</arg>
<doc>Types the given ``text`` into the text field identified by ``locator``.</doc>
<status status="PASS" start="2025-02-26T00:27:32.932270" elapsed="0.491072"/>
</kw>
<kw name="Input Text" owner="SeleniumLibrary">
<msg time="2025-02-26T00:27:33.424673" level="INFO">Typing text 'Padcenter11' into text field 'name:password'.</msg>
<arg>name:password</arg>
<arg>${PASSWORD}</arg>
<doc>Types the given ``text`` into the text field identified by ``locator``.</doc>
<status status="PASS" start="2025-02-26T00:27:33.423953" elapsed="0.343183"/>
</kw>
<status status="PASS" start="2025-02-26T00:27:32.931034" elapsed="0.836654"/>
</kw>
<kw name="คลิกปุ่มเข้าสู่ระบบ">
<kw name="Click Button" owner="SeleniumLibrary">
<msg time="2025-02-26T00:27:33.771062" level="INFO">Clicking button 'css=button[type='submit']'.</msg>
<arg>css=button[type='submit']</arg>
<doc>Clicks the button identified by ``locator``.</doc>
<status status="PASS" start="2025-02-26T00:27:33.770120" elapsed="0.516409"/>
</kw>
<status status="PASS" start="2025-02-26T00:27:33.768704" elapsed="0.518443"/>
</kw>
<kw name="ปิด Popup หลังล็อกอิน">
<kw name="Run Keyword And Ignore Error" owner="BuiltIn">
<kw name="Wait Until Element Is Visible" owner="SeleniumLibrary">
<msg time="2025-02-26T00:27:43.579209" level="INFO" html="true">&lt;/td&gt;&lt;/tr&gt;&lt;tr&gt;&lt;td colspan="3"&gt;&lt;a href="selenium-screenshot-8.png"&gt;&lt;img src="selenium-screenshot-8.png" width="800px"&gt;&lt;/a&gt;</msg>
<msg time="2025-02-26T00:27:43.580008" level="FAIL">Element 'xpath=//button[contains(text(), 'ให้ภายหลัง')]' not visible after 5 seconds.</msg>
<arg>xpath=//button[contains(text(), 'ให้ภายหลัง')]</arg>
<arg>timeout=5s</arg>
<doc>Waits until the element ``locator`` is visible.</doc>
<status status="FAIL" start="2025-02-26T00:27:34.290850" elapsed="9.293772">Element 'xpath=//button[contains(text(), 'ให้ภายหลัง')]' not visible after 5 seconds.</status>
</kw>
<arg>Wait Until Element Is Visible</arg>
<arg>xpath=//button[contains(text(), 'ให้ภายหลัง')]</arg>
<arg>timeout=5s</arg>
<doc>Runs the given keyword with the given arguments and ignores possible error.</doc>
<status status="PASS" start="2025-02-26T00:27:34.289953" elapsed="9.295208"/>
</kw>
<kw name="Run Keyword And Ignore Error" owner="BuiltIn">
<kw name="Click Button" owner="SeleniumLibrary">
<msg time="2025-02-26T00:27:43.587397" level="INFO">Clicking button 'xpath=//button[contains(text(), 'ให้ภายหลัง')]'.</msg>
<msg time="2025-02-26T00:27:44.319508" level="INFO" html="true">&lt;/td&gt;&lt;/tr&gt;&lt;tr&gt;&lt;td colspan="3"&gt;&lt;a href="selenium-screenshot-9.png"&gt;&lt;img src="selenium-screenshot-9.png" width="800px"&gt;&lt;/a&gt;</msg>
<msg time="2025-02-26T00:27:44.319983" level="FAIL">Button with locator 'xpath=//button[contains(text(), 'ให้ภายหลัง')]' not found.</msg>
<arg>xpath=//button[contains(text(), 'ให้ภายหลัง')]</arg>
<doc>Clicks the button identified by ``locator``.</doc>
<status status="FAIL" start="2025-02-26T00:27:43.586796" elapsed="0.737382">Button with locator 'xpath=//button[contains(text(), 'ให้ภายหลัง')]' not found.</status>
</kw>
<arg>Click Button</arg>
<arg>xpath=//button[contains(text(), 'ให้ภายหลัง')]</arg>
<doc>Runs the given keyword with the given arguments and ignores possible error.</doc>
<status status="PASS" start="2025-02-26T00:27:43.586091" elapsed="0.738438"/>
</kw>
<status status="PASS" start="2025-02-26T00:27:34.288302" elapsed="10.036539"/>
</kw>
<kw name="ตรวจสอบว่าล็อกอินสำเร็จ">
<kw name="Wait Until Page Contains" owner="SeleniumLibrary">
<arg>สวัสดี บริษัท ศูนย์พัฒนาผู้นำ จำกัด</arg>
<arg>timeout=10s</arg>
<doc>Waits until ``text`` appears on the current page.</doc>
<status status="PASS" start="2025-02-26T00:27:44.327040" elapsed="0.061315"/>
</kw>
<status status="PASS" start="2025-02-26T00:27:44.325473" elapsed="0.063295"/>
</kw>
<kw name="บันทึกภาพหน้าจอ">
<kw name="Capture Page Screenshot" owner="SeleniumLibrary">
<msg time="2025-02-26T00:27:45.008359" level="INFO" html="true">&lt;/td&gt;&lt;/tr&gt;&lt;tr&gt;&lt;td colspan="3"&gt;&lt;a href="login-success.png"&gt;&lt;img src="login-success.png" width="800px"&gt;&lt;/a&gt;</msg>
<arg>login-success.png</arg>
<doc>Takes a screenshot of the current page and embeds it into a log file.</doc>
<status status="PASS" start="2025-02-26T00:27:44.390579" elapsed="0.618094"/>
</kw>
<status status="PASS" start="2025-02-26T00:27:44.389666" elapsed="0.619440"/>
</kw>
<kw name="ปิดบราวเซอร์">
<kw name="Close Browser" owner="SeleniumLibrary">
<doc>Closes the current browser.</doc>
<status status="PASS" start="2025-02-26T00:27:45.010572" elapsed="0.369769"/>
</kw>
<status status="PASS" start="2025-02-26T00:27:45.009761" elapsed="0.371216"/>
</kw>
<status status="PASS" start="2025-02-26T00:27:24.461012" elapsed="20.920989"/>
</test>
<status status="PASS" start="2025-02-26T00:27:23.866548" elapsed="21.518199"/>
</suite>
<statistics>
<total>
<stat pass="1" fail="0" skip="0">All Tests</stat>
</total>
<tag>
</tag>
<suite>
<stat name="Login Test" id="s1" pass="1" fail="0" skip="0">Login Test</stat>
</suite>
</statistics>
<errors>
</errors>
</robot>
